[   .0000]Iniaizincgoup bss cpet
[  0.0000 Initilizig cgupsuyscpu    00000] Itialin cgrp ubsys uacct
[  0.000] Luxversi 44.11-genic (ild@lg1-am4-23) gcc ersi 54.0 16069 bunt5..0-6unu16.4. )#140butu P on F 1 21::43 U 218 (unu 4.0-16.1-genic4.4.)
[  0.0000 KERL uppoedcp:
[  .0000]  Inl GeineInt
[  00000]   D utntcAMD
  0.0000]  NSGede bNS
[  0000000  yrixyrxIstad
[   0.0000  Centr entaHals
  0.0000   Tnseta nuneTM6
[  .000   Tnseta ansmaCU
[  0.0000   U UC UMUM
[  00000] 86pu xste_fft[]:  6,xsta_sze2]  25
[   00000] 6/pu: pprtinXSVEfeature0x01: 'x87flating oit egisters'
[    0.000000] x86/fu:uppoti XSA fatur0x2: 'SSE registers'
[    0.000000] x86/puSupprtg XSAE atur0x4: 'X egiser
[   0.0000] 6/pu: Enbl xstteeatuesx7, contxtize is 32bytes, using 'standard' format.
[   0.00000] 6/fpuUsng 'az FPUcotet swtces
[    0.000000] e820: BIOS-provided physialRA map
[   00000] BOS820: [emx0000000000000000-0x000000000009fbff] usable
[    0.000000] BIOS-e820: [mem 0x000000000009fc00-0x000000000009fff]eserve
   00000] IOe820: [mem 0x00000000000f0000-000000000fff] reserved
[    0.000000] BIOS-e820: [mem x00000000000-0x000000003ffeff] sabl
   0.0000]BIOS-e20 [em 00000003ff00-0x000003fffff ACPdaa
[   00000] OS-e0:[mem0x000000fec00000-0x00000000fec00fff] resered
[    0.000] BIOS-e820: [mem 0x00000000fee00000-0x00000000fee00fff] reserved
[    0.000000] BIOS-e820: [mem 0x00000000fffc0000-0x00000000ffffffff] reserved
[    0.000000 N(Execue sabl) roectionacive
[    0.000000] SMBIOS 2.5 present
   0.000] Hypevir deecd: KVM[   .0000] e20last_pn  03fffma_arc_p = 010000
[    0.000000] MTRR: Disabled
[    0.0000 x86PA MTRRsdibled spping PAT initialization too.[   0.000] CPU MTRRs all blank - virtualized sysem
[  00000 x6/PA Cnfigraon [-7 WB WT U- UC  WB  WT  UC- UC  
[    0.000000] foundSM M-tableat[mm 0x00ff0-0x009ff] mapped at [c009fff0]
[    0.000000] Scanning 1 areas for low memory crution
[    0.000000] RAMDISK: [mem 0x36ad6000-0x752fff][    0.000000] ACPI: Early table checksm rificatin isabed
[    0.000000] ACPI: RSDP 0x00000000000E0000 000024 (v02 VBO )
[    0.000000] ACPI: XSDT 0x000000003FFF0030 00003C (v01 VBOX   VBOXXSDT 0000001ASL 000061)
[    .00000 API: FAP 0000003FF00F 0004 (v04VB   VBOXFAC 00000 A  0000001)
[   000000]CP: DST 0000003FF0470001F (v0 VX   VBOBIOS 000002 NTL 10528)
[    0.000] ACP: ACS 0x000003F000 0000
[  .00000] CPI: FCSx0000000FF02000040
[   000000]ACI:APICx000000FF02 0005C(v2 VBOX   VBXAC 00001 ASL  00061)
   0.0000] CPI: SST x00000000FF02A0 001C (v01VBX   OXPU 00000 ITL201052
[    0.000000] 131MHIGHMEM available.
[    0.000000] 891MB LOWMEM available.
[    0.000000]   mapped low ram: 0 - 37bfe000
[    0.000000]   low ram: 0 - 37bfe000
[    0.000000] kvm-clock: Using msrs 4b564d01 and 4b564d00
[    0.000000] kvm-clock: cpu 0, mr 37bf00, rima cu lo
[    00000] k-cock:sig scedffset o 133419305yces
[  .0000]clocsoce: kv-coc: mak:0xfffffffffffffff max_cycles: 0x1cd42e4dff, axidle_ns: 881590591483 ns
[    0.000000] Znerages:
[    0.000000]   DMA      [mem 0x0000000001000-x0000000ffff]
[    0.000000]   Normal   [mem 000000000000-0x0000000037bfdfff]
[    0.000000]   HighMem  [mem 0x0000000037bfe000-0x000000fffff]
  0.0000] ovable zone start for each node
[    0.000] Early emy noderaes
[    0.000000]   node   0: [mem 0x0000000001000-x000000009ff]
[    0.000000]   node   0: [mem 0x000000010000x000000003ffeffff]
[    0.000000] Initmemsep node 0 [mem 0x0000000000001000-0x00000003fffff][   0.0000 Usig IC driver default
[    0.000000] ACPI: PM-Timr  Port: x4008
[  0.00000] OAC[0] aicid 2 vrson 32, address 0xfec00000, GSI 0-23
[   00000] PI: IN_S_OVRbu 0bu_iq 0 glol_rq 2 d dl)
  0.0000]ACPI I_SRCVR(bus bs_irq 9 obl_q 9 lo level
[   0.000000] Using ACPI (MADT) for SMP configuration information
[    0.000000] smpboot: Allowing 2 CPUs, 0 htpg CPs[   .00000] M:egiser nose emor: em 0000000-0000fff
[    0.00000] PMReisted osavmeory: me 00009f0-0009ff]
  0.0000 PM:egster nsavemeor: [mem 0x000a0000-0x000effff]
[    0.000000] PM: Registered nosave memory: [mem 0x000f0000-0x000fffff]
[  0.00000] e820: [mem 0x40000000-0xfebfffff] avaiab for PCI devices
[    0.000000] Booting paravirtualized kernel on KVM
  0.000000] clocksource: refined-jiffies: mask: 0xfffff ma_ccls: 0ffffff, max_idle_ns: 7645516021568 
    .0000] stupercp: R_PUS:8r_puma_bts:8 nrpuids: nnodeds1
[  0.00000]PEPU: Eeded 19ags/cpuf7b000s4436  d0388 784
[   0000] V qsnlck ha tble ntes: 12order: 0, 4096 bytes)
[    0.000000] Built 1 zonelists in Zone order, mobility grouinon.  Tot pages2580
[  00000 Krn cmmanlie:BOOTIME=/bt/mlin-44.0-6-enicrot=LAL=loudg-oos o cool=t1 nsolttS0
[   .00000 PID hsh tleentries: 4096 (order: 2, 16384 bytes)
[    0.000000] Dentry cache hash ab entes 107 (order: 7, 542 bytes
   0.000] Inoe-che hash ab entes 655 (rder6,26214 yts)
[  00000 Initiizing U#
[  0.00000] Initializing HighMem for node 0 (00037bfe:0003fff0)
[    0.00000] itializing Movable for node 0 (00000000:00000000)
[    0.000000] Memory: 1012056K/1048120K available (8007K kene cde, 78K data, 17 rodat 98K iit 80K bss 306K reerd, 0cm-reservd,35112K highmem)
[    0.000000] virtual krn memryayou:[   0.000000]     fixmap  : 0xfff15000 - 0fff000  936 kB
   00000]   kmap   : xf00000 -0xe000  (2048 kB)
[   000000    mall :0xf83fe00- xffb00   (20MB)[  0.000000]     lowmem  : 0xc0000000 - 0xf7bfe000   ( 891 MB)
[    0.000000]       .init : 0xc1bb2000 - 0xc1c9f000   ( 948 kB)
[    0.000000]       .data : 0xc7d34 -xcbb0780  391 kB
   0.00000      .tet 0xc10000- 0x17214   (88 B)
  0.0000] heckingifhis rossor hnos the W bt ven n pervisr od...O.[    0.000000] SLUB: HWalign=64, Order=0-, nObjects=0, CPUs=2, Nodes=1
[    0.000000 Hrarchical RCU implementation.
[    0.000000] 	Build-time adjustment of leaf fanout to 32.
[    0.000000] 	RCU restricting CPUs from NR_CPUS=8 to nr_cpu_ids=2.
[    0.000000] RCU: Adjusting gemeryfor rcu_fanout_leaf=32, nr_cpu_ids=2
[    0.0000 NR_IRQS:2304 nr_irqs:440 16
[    0.00000 Cnsole: olurVGA+ 80x25
[    0.000000] console [tty1] enabled
[    0.000000] coso [tt0]enable
  000000]alcate 18576 bte o page_ext[   0.000000] tsc: Detected 3315.274 MHz processor
[    0.000000] tsc: Marking TSC unstable due to TSCs unsynchronized
[    0.012000] Calibrating delay loop (skipped) preset value.. 6630.54 BogoMIPS (lpj=13261096)
[    0.012987] pid_max: default: 32768 minimum: 301
[    0.016009] ACPI: Core revision 20150930
[    0.021037] ACPI: 2 ACPI AML tables successfully acquired and loaded
[    0.032015] Security Framework initialized
[    0.036008] Yama: becoming mindful.
[    0.040022] AppArmor: AppArmor initialized
[    0.041063] Mount-cache hash table entries: 2048 (order: 1, 8192 bytes)
[    0.044004] Mountpoint-cache hash table entries: 2048 (order: 1, 8192 bytes)
[    0.048178] Initializing cgroup subsys io
[    0.052006] Initializing cgroup subsys memory
[    0.056008] Initializing cgroup subsys devices
[    0.060018] Initializing cgroup subsys freezer
[    0.064015] Initializing cgroup subsys net_cls
[    0.068016] Initializing cgroup subsys perf_event
[    0.072010] Initializing cgroup subsys net_prio
[    0.076008] Initializing cgroup subsys hugetlb
[    0.080008] Initializing cgroup subsys pids
[    0.084138] CPU: Physical Processor ID: 0
[    0.088003] CPU: Processor Core ID: 0
[    0.092011] FEATURE SPEC_CTRL Not Present
[    0.096003] FEATURE IBPB Not Present
[    0.100006] mce: CPU supports 0 MCE banks
[    0.104024] Last level iTLB entries: 4KB 512, 2MB 1024, 4MB 512
[    0.108004] Last level dTLB entries: 4KB 1024, 2MB 1024, 4MB 512, 1GB 0
[    0.112004] Spectre V2 mitigation: Mitigation: Full AMD retpoline
[    0.116003] Spectre V2 mitigation: Speculation control IBPB not-supported IBRS not-supported
[    0.127626] Freeing SMP alternatives memory: 28K
[    0.144928] ftrace: allocating 31457 entries in 62 pages
[    0.168057] smpboot: APIC(0) Converting physical 0 to logical package 0
[    0.172008] smpboot: Max logical packages: 1
[    0.176018] Enabling APIC mode:  Flat.  Using 1 I/O APICs
[    0.181555] ..TIMER: vector=0x30 apic1=0 pin1=2 apic2=-1 pin2=-1
[    0.188000] APIC calibration not consistent with PM-Timer: 98ms instead of 100ms
[    0.188000] APIC delta adjusted to PM-Timer: 6329645 (6251434)
[    0.188082] smpboot: CPU0: AMD FX(tm)-8300 Eight-Core Processor (family: 0x15, model: 0x2, stepping: 0x0)
[    0.196012] Performance Events: Broken PMU hardware detected, using software events only.
[    0.204008] Failed to access perfctr msr (MSR c0010007 is 0)
[    0.208044] KVM setup paravirtual spinlock
[    0.212857] x86: Booting SMP configuration:
[    0.216002] .... node  #0, CPUs:      #1
[    0.008000] Initializing CPU#1
[    0.012000] kvm-clock: cpu 1, msr 0:37bfd041, secondary cpu clock
[    0.012000] mce: CPU supports 0 MCE banks
[    0.261881] x86: Booted up 1 node, 2 CPUs
[    0.264006] smpboot: Total of 2 processors activated (13261.09 BogoMIPS)
[    0.268334] devtmpfs: initialized
[    0.360239] evm: security.selinux
[    0.452003] evm: security.SMACK64
[    0.540003] evm: security.SMACK64EXEC
[    0.608006] evm: security.SMACK64TRANSMUTE
[    0.684010] evm: security.SMACK64MMAP
[    0.804002] evm: security.ima
[    0.864007] evm: security.capability
[    0.976217] clocksource: jiffies: mask: 0xffffffff max_cycles: 0xffffffff, max_idle_ns: 7645041785100000 ns
[    1.180008] futex hash table entries: 512 (order: 3, 32768 bytes)
[    1.212064] pinctrl core: initialized pinctrl subsystem
[    1.264158] RTC time: 22:36:29, date: 03/17/18
[    1.308185] NET: Registered protocol family 16
[    1.312182] EISA bus registered
[    1.356012] cpuidle: using governor ladder
[    1.412008] cpuidle: using governor menu
[    1.472007] PCCT header not found.
[    1.536394] ACPI: bus type PCI registered
[    1.588004] acpiphp: ACPI Hot Plug PCI Controller Driver version: 0.5
[    1.596166] PCI : PCI BIOS area is rw and x. Use pci=nobios if you want it NX.
[    1.664007] PCI: PCI BIOS revision 2.10 entry at 0xfda26, last bus=0
[    1.776012] PCI: Using configuration type 1 for base access
[    1.928003] PCI: Using configuration type 1 for extended access
[    2.108129] ACPI: Added _OSI(Module Device)
[    2.232005] ACPI: Added _OSI(Processor Device)
[    2.332005] ACPI: Added _OSI(3.0 _SCP Extensions)
[    2.468004] ACPI: Added _OSI(Processor Aggregator Device)
[    2.588374] ACPI: Executed 1 blocks of module-level executable AML code
[    2.732202] ACPI: Interpreter enabled
[    2.828025] ACPI: (supports S0 S5)
[    2.964004] ACPI: Using IOAPIC for interrupt routing
[    3.120181] PCI: Using host bridge windows from ACPI; if necessary, use "pci=nocrs" and report a bug
[    3.405096] ACPI: PCI Root Bridge [PCI0] (domain 0000 [bus 00-ff])
[    3.612011] acpi PNP0A03:00: _OSC: OS supports [ExtendedConfig ASPM ClockPM Segments MSI]
[    3.708054] acpi PNP0A03:00: _OSC: OS now controls [PCIeHotplug PME AER PCIeCapability]
[    3.844396] PCI host bridge to bus 0000:00
[    3.972006] pci_bus 0000:00: root bus resource [io  0x0000-0x0cf7 window]
[    4.168005] pci_bus 0000:00: root bus resource [io  0x0d00-0xffff window]
[    4.384011] pci_bus 0000:00: root bus resource [mem 0x000a0000-0x000bffff window]
[    4.588005] pci_bus 0000:00: root bus resource [mem 0x40000000-0xfdffffff window]
[    4.760006] pci_bus 0000:00: root bus resource [bus 00-ff]
[    4.840662] pci 0000:00:01.1: legacy IDE quirk: reg 0x10: [io  0x01f0-0x01f7]
[    4.908014] pci 0000:00:01.1: legacy IDE quirk: reg 0x14: [io  0x03f6]
[    4.916010] pci 0000:00:01.1: legacy IDE quirk: reg 0x18: [io  0x0170-0x0177]
[    4.932003] pci 0000:00:01.1: legacy IDE quirk: reg 0x1c: [io  0x0376]
[    5.044129] pci 0000:00:07.0: quirk: [io  0x4000-0x403f] claimed by PIIX4 ACPI
[    5.220016] pci 0000:00:07.0: quirk: [io  0x4100-0x410f] claimed by PIIX4 SMB
[    5.429333] ACPI: PCI Interrupt Link [LNKA] (IRQs 5 9 10 *11)
[    5.545167] ACPI: PCI Interrupt Link [LNKB] (IRQs 5 9 *10 11)
[    5.632785] ACPI: PCI Interrupt Link [LNKC] (IRQs 5 *9 10 11)
[    5.757002] ACPI: PCI Interrupt Link [LNKD] (IRQs 5 9 10 *11)
[    5.766409] ACPI: Enabled 2 GPEs in block 00 to 07
[    5.876136] vgaarb: setting as boot device: PCI:0000:00:02.0
[    5.880000] vgaarb: device added: PCI:0000:00:02.0,decodes=io+mem,owns=io+mem,locks=none
[    6.128010] vgaarb: loaded
[    6.212003] vgaarb: bridge control possible 0000:00:02.0
[    6.252317] SCSI subsystem initialized
[    6.264056] ACPI: bus type USB registered
[    6.320035] usbcore: registered new interface driver usbfs
[    6.364019] usbcore: registered new interface driver hub
[    6.416053] usbcore: registered new device driver usb
[    6.564209] PCI: Using ACPI for IRQ routing
[    6.684314] NetLabel: Initializing
[    6.784004] NetLabel:  domain hash size = 128
[    6.912003] NetLabel:  protocols = UNLABELED CIPSOv4
[    6.968010] NetLabel:  unlabeled traffic allowed by default
[    7.056080] amd_nb: Cannot enumerate AMD northbridges
[    7.072064] clocksource: Switched to clocksource kvm-clock
[    7.243680] AppArmor: AppArmor Filesystem Enabled
[    7.431287] pnp: PnP ACPI init
[    7.533830] pnp: PnP ACPI: found 3 devices
[    7.655520] PnPBIOS: Disabled by ACPI PNP
[    7.810817] clocksource: acpi_pm: mask: 0xffffff max_cycles: 0xffffff, max_idle_ns: 2085701024 ns
[    8.105634] NET: Registered protocol family 2
[    8.138489] TCP established hash table entries: 8192 (order: 3, 32768 bytes)
[    8.185556] TCP bind hash table entries: 8192 (order: 4, 65536 bytes)
[    8.207353] TCP: Hash tables configured (established 8192 bind 8192)
[    8.219414] UDP hash table entries: 512 (order: 2, 16384 bytes)
[    8.226997] UDP-Lite hash table entries: 512 (order: 2, 16384 bytes)
[    8.273252] NET: Registered protocol family 1
[    8.303456] pci 0000:00:00.0: Limiting direct PCI/PCI transfers
[    8.408930] pci 0000:00:01.0: Activating ISA DMA hang workarounds
[    8.560176] Unpacking initramfs...
[   10.394841] Freeing initrd memory: 10804K
[   10.453172] clocksource: tsc: mask: 0xffffffffffffffff max_cycles: 0x2fc9a8ea824, max_idle_ns: 440795205653 ns
[   10.460181] platform rtc_cmos: registeedplfom C vi ( P dic fun
[   10.460212] Scanning for low memory corruption every 60 seconds
[   10.460558] audit: initializing netlink subsys (disabled)
[   10.460571] audit: type=2000 audit(1521326184.832:1): initialized
[   10.460800] Initialise system trusted keyring
[   10.460874] HugeTLB registered 2 MB page size, pre-allocated 0 pages
[   10.462501] zbud: loaded
[   10.462607] VFS: Disk quotas dquot_6.6.0
[   10.462642] VFS: Dquot-cache hash table entries: 1024 (order 0, 4096 bytes)
[   10.462857] squashfs: version 4.0 (2009/01/31) Phillip Lougher
[   10.463090] fuse init (API version 7.23)
[   10.463220] Key type big_key registered
[   10.463237] Allocating IMA MOK and blacklist keyrings.
[   10.463489] Key type asymmetric registered
[   10.463491] Asymmetric key parser 'x509' registered
[   10.463504] bounce: pool size: 64 pages
[   10.463537] Block layer SCSI generic (bsg) driver version 0.4 loaded (major 249)
[   10.463559] io scheduler noop registered
[   10.463560] io scheduler deadline registered (default)
[   10.463590] io scheduler cfq registered
[   10.463686] pci_hotplug: PCI Hot Plug PCI Core version: 0.5
[   10.463692] pciehp: PCI Express Hot Plug Controller Driver version: 0.4
[   10.463924] ACPI: AC Adapter [AC] (on-line)
[   10.463980] input: Power Button as /devices/LNXSYSTM:00/LNXPWRBN:00/input/input0
[   10.463983] ACPI: Power Button [PWRF]
[   10.464088] input: Sleep Button as /devices/LNXSYSTM:00/LNXSLPBN:00/input/input1
[   10.464090] ACPI: Sleep Button [SLPF]
[   10.464236] GHES: HEST is not enabled!
[   10.464311] Serial: 8250/16550 driver, 32 ports, IRQ sharing enabled
[   10.486839] 00:02: ttyS0 at I/O 0x3f8 (irq = 4, base_baud = 115200) is a 16550A
[   11.018460] Linux agpgart interface v0.103
[   11.189122] isapnp: Scanning for PnP cards...
[   11.425625] loop: module loaded
[   11.426431] scsi host0: ata_piix
[   11.472043] scsi host1: ata_piix
[   11.472043] ata1: PATA max UDMA/33 cmd 0x1f0 ctl 0x3f6 bmdma 0xd000 irq 14
[   11.472043] ata2: PATA max UDMA/33 cmd 0x170 ctl 0x376 bmdma 0xd008 irq 15
[   11.472043] libphy: Fixed MDIO Bus: probed
[   11.472043] tun: Universal TUN/TAP device driver, 1.6
[   11.472043] tun: (C) 1999-2004 Max Krasnyansky <maxk@qualcomm.com>
[   11.472940] PPP generic driver version 2.4.2
[   11.473009] ehci_hcd: USB 2.0 'Enhanced' Host Controller (EHCI) Driver
[   11.473013] ehci-pci: EHCI PCI platform driver
[   11.473023] ehci-platform: EHCI generic platform driver
[   11.473031] ohci_hcd: USB 1.1 'Open' Host Controller (OHCI) Driver
[   11.473034] ohci-pci: OHCI PCI platform driver
[   11.473043] ohci-platform: OHCI generic platform driver
[   11.473051] uhci_hcd: USB Universal Host Controller Interface driver
[   11.473112] i8042: PNP: PS/2 Controller [PNP0303:PS2K,PNP0f03:PS2M] at 0x60,0x64 irq 1,12
[   11.473697] serio: i8042 KBD port at 0x60,0x64 irq 1
[   11.473703] serio: i8042 AUX port at 0x60,0x64 irq 12
[   11.473820] mousedev: PS/2 mouse device common for all mice
[   11.474187] input: AT Translated Set 2 keyboard as /devices/platform/i8042/serio0/input/input2
[   11.474583] rtc_cmos rtc_cmos: rtc core: registered rtc_cmos as rtc0
[   11.474655] rtc_cmos rtc_cmos: alarms up to one day, 114 bytes nvram
[   11.474661] i2c /dev entries driver
[   11.474713] device-mapper: uevent: version 1.0.3
[   11.474770] device-mapper: ioctl: 4.34.0-ioctl (2015-10-28) initialised: dm-devel@redhat.com
[   11.474794] platform eisa.0: Probing EISA bus 0
[   11.474797] platform eisa.0: EISA: Cannot allocate resource for mainboard
[   11.474798] platform eisa.0: Cannot allocate resource for EISA slot 1
[   11.474799] platform eisa.0: Cannot allocate resource for EISA slot 2
[   11.474801] platform eisa.0: Cannot allocate resource for EISA slot 3
[   11.474802] platform eisa.0: Cannot allocate resource for EISA slot 4
[   11.474803] platform eisa.0: Cannot allocate resource for EISA slot 5
[   11.474804] platform eisa.0: Cannot allocate resource for EISA slot 6
[   11.474806] platform eisa.0: Cannot allocate resource for EISA slot 7
[   11.474807] platform eisa.0: Cannot allocate resource for EISA slot 8
[   11.474808] platform eisa.0: EISA: Detected 0 cards
[   11.474822] cpufreq-nforce2: No nForce2 chipset.
[   11.474828] ledtrig-cpu: registered to indicate activity on CPUs
[   11.475071] NET: Registered protocol family 10
[   11.565974] isapnp: No Plug & Play device found
[   11.566105] NET: Registered protocol family 17
[   11.566118] Key type dns_resolver registered
[   11.565986] microcode: CPU0: patch_level=0x06000626
[   11.570775] microcode: CPU1: patch_level=0x06000626
[   11.570810] microcode: Microcode Update Driver: v2.01 <tigran@aivazian.fsnet.co.uk>, Peter Oruba
[   11.570820] Using IPI No-Shortcut mode
[   11.570944] registered taskstats version 1
[   11.570955] Loading compiled-in X.509 certificates
[   11.573688] Loaded X.509 cert 'Build time autogenerated kernel key: ff54afc682e3d37ddd1801097f0724ac37994f02'
[   11.573706] zswap: loaded using pool lzo/zbud
[   11.575472] Key type trusted registered
[   11.578355] Key type encrypted registered
[   11.578359] AppArmor: AppArmor sha1 policy hashing enabled
[   11.578363] ima: No TPM chip found, activating TPM-bypass!
[   11.578378] evm: HMAC attrs: 0x1
[   11.578630]   Magic number: 10:175:654
[   11.597155] rtc_cmos rtc_cmos: setting system clock to 2018-03-17 22:36:40 UTC (1521326200)
[   11.597282] BIOS EDD facility v0.16 2004-Jun-25, 0 devices found
[   11.597283] EDD information not available.
[   15.457417] Freeing unused kernel memory: 948K
[   15.486997] Write protecting the kernel text: 8012k
[   15.589051] Write protecting the kernel read-only data: 3176k
[   15.716377] NX-protecting the kernel data: 6324k
Loading, please wait...
[   15.840661] random: systemd-udevd: uninitialized urandom read (16 bytes read, 3 bits of entropy available)
starting version[   15.841215] random: udevadm: uninitialized urandom read (16 bytes read, 3 bits of entropy available)
 229
[   15.854747] random: udevadm: uninitialized urandom read (16 bytes read, 3 bits of entropy available)
[   15.854798] random: udevadm: uninitialized urandom read (16 bytes read, 3 bits of entropy available)
[   15.854973] random: udevadm: uninitialized urandom read (16 bytes read, 3 bits of entropy available)
[   15.855039] random: udevadm: uninitialized urandom read (16 bytes read, 3 bits of entropy available)
[   15.855103] random: udevadm: uninitialized urandom read (16 bytes read, 3 bits of entropy available)
[   15.855179] random: udevadm: uninitialized urandom read (16 bytes read, 3 bits of entropy available)
[   15.855258] random: udevadm: uninitialized urandom read (16 bytes read, 3 bits of entropy available)
[   15.855323] random: udevadm: uninitialized urandom read (16 bytes read, 3 bits of entropy available)
[   16.845749] Fusion MPT base driver 3.04.20
[   16.888016] Copyright (c) 1999-2008 LSI Corporation
[   16.912131] e1000: Intel(R) PRO/1000 Network Driver - version 7.3.21-k8-NAPI
[   16.958950] e1000: Copyright (c) 1999-2006 Intel Corporation.
[   17.157576] Fusion MPT SPI Host driver 3.04.20
[   17.378724] input: ImExPS/2 Generic Explorer Mouse as /devices/platform/i8042/serio1/input/input4
[   17.602024] e1000 0000:00:03.0 eth0: (PCI:33MHz:32-bit) 02:1b:4a:91:2d:33
[   17.703924] e1000 0000:00:03.0 eth0: Intel(R) PRO/1000 Network Connection
[   17.763701] mptbase: ioc0: Initiating bringup
[   17.798163] e1000 0000:00:03.0 enp0s3: renamed from eth0
[   17.860394] ioc0: LSI53C1030 A0: Capabilities={Initiator}
[   18.022728] scsi host2: ioc0: LSI53C1030 A0, FwRev=00000000h, Ports=1, MaxQ=256, IRQ=20
[   19.929324] scsi 2:0:0:0: Direct-Access     VBOX     HARDDISK         1.0  PQ: 0 ANSI: 5
[   19.936637] floppy0: no floppy controllers found
[   20.003344] scsi target2:0:0: Beginning Domain Validation
[   20.041860] scsi target2:0:0: Domain Validation skipping write tests
[   20.070926] scsi target2:0:0: Ending Domain Validation
[   20.139347] scsi target2:0:0: asynchronous
[   20.169640] scsi 2:0:1:0: Direct-Access     VBOX     HARDDISK         1.0  PQ: 0 ANSI: 5
[   20.249354] scsi target2:0:1: Beginning Domain Validation
[   20.329035] scsi target2:0:1: Domain Validation skipping write tests
[   20.350169] scsi target2:0:1: Ending Domain Validation
[   20.395158] scsi target2:0:1: asynchronous
[   20.463089] sd 2:0:0:0: Attached scsi generic sg0 type 0
[   20.463269] sd 2:0:0:0: [sda] 20971520 512-byte logical blocks: (10.7 GB/10.0 GiB)
[   20.463425] sd 2:0:0:0: [sda] Write Protect is off
[   20.463520] sd 2:0:0:0: [sda] Incomplete mode parameter data
[   20.463522] sd 2:0:0:0: [sda] Assuming drive cache: write through
[   20.484905]  sda: sda1
[   20.485648] sd 2:0:0:0: [sda] Attached SCSI disk
[   21.062765] sd 2:0:1:0: [sdb] 20480 512-byte logical blocks: (10.5 MB/10.0 MiB)
[   21.213811] sd 2:0:1:0: Attached scsi generic sg1 type 0
[   21.341697] sd 2:0:1:0: [sdb] Write Protect is off
[   21.453696] sd 2:0:1:0: [sdb] Incomplete mode parameter data
[   21.520899] sd 2:0:1:0: [sdb] Assuming drive cache: write through
[   21.661397] sd 2:0:1:0: [sdb] Attached SCSI disk
Begin: Loading e[   23.237523] md: linear personality registered for level -1
ssential drivers[   23.328161] md: multipath personality registered for level -4
 ... [   23.411002] md: raid0 personality registered for level 0
[   23.437767] md: raid1 personality registered for level 1
[   23.600326] raid6: mmxx1    gen()  2932 MB/s
[   23.740066] raid6: mmxx2    gen()  4773 MB/s
[   23.840493] raid6: sse1x1   gen()  2603 MB/s
[   23.940102] raid6: sse1x2   gen()  4714 MB/s
[   24.040692] raid6: sse2x1   gen()  5794 MB/s
[   24.120746] raid6: sse2x1   xor()  4068 MB/s
[   24.272149] raid6: sse2x2   gen()  8818 MB/s
[   24.416707] raid6: sse2x2   xor()  6717 MB/s
[   24.469327] raid6: using algorithm sse2x2 gen() 8818 MB/s
[   24.477437] raid6: .... xor() 6717 MB/s, rmw enabled
[   24.536468] raid6: using ssse3x1 recovery algorithm
[   24.561132] xor: automatically using best checksumming function:
[   24.693963]    avx       :  5196.000 MB/sec
[   24.762699] async_tx: api initialized (async)
[   24.855701] md: raid6 personality registered for level 6
[   24.895055] md: raid5 personality registered for level 5
[   24.908999] md: raid4 personality registered for level 4
[   24.920582] md: raid10 personality registered for level 10
done.
Begin: Running /scripts/init-premount ... done.
Begin: Mounting root file system ... Begin: Running /scripts/local-top ... do[   25.062205] Btrfs loaded
ne.
Begin: Running /scripts/local-premount ... Scanning for Btrfs filesystems
done.
Warning: fsck not present, so skipping root file[   25.209374] EXT4-fs (sda1): mounted filesystem with ordered data mode. Opts: (null)
 system
done.
Begin: Running /scripts/local-bottom ... done.
Begin: Running /scripts/init-bottom ... done.
[   26.008399] random: nonblocking pool is initialized
[   26.523586] systemd[1]: systemd 229 running in system mode. (+PAM +AUDIT +SELINUX +IMA +APPARMOR +SMACK +SYSVINIT +UTMP +LIBCRYPTSETUP +GCRYPT +GNUTLS +ACL +XZ -LZ4 +SECCOMP +BLKID +ELFUTILS +KMOD -IDN)
[   26.783644] systemd[1]: Detected virtualization oracle.
[   26.804556] systemd[1]: Detected architecture x86.

Welcome to [1mUbuntu 16.04.4 LTS[0m!

[   27.169858] systemd[1]: Set hostname to <ubuntu-xenial>.
[ 31564]ysmd]: Created slice System Slice.
[[0;32m  OK  [0m] Created slice System Slice.
[   1.77] stmd1]: eahed arge Sp.
[[0;32m  OK  [0m] Reached target Swap.
[  3.428323] systmd]:Rehe tgeUser and Group Name Looks.
[[0;32m  OK  [0m] Reached target User and Group Name Lookups.
[   32.9719] systmd1]: Crtesle erndesonli.
[[0;32m  OK  [0m] Created slice User and Session Slice.
[   33886]syte[1: Listein on de Cntrol Soct.
[[0;32m  OK  [0m] Listening on udev Control Socket.
[  3372371]syte[1 Sard igerresoco uatfoneworkd DNS.
[[0;32m  OK  [0m] Started Trigger resolvconf update for networkd DNS.
[  35.1871] std[]:isnig n url Audi Ske.
[[0;32m  OK  [0m] Listening on Journal Audit Socket.
[  3.864 ste[1]: Listening on Syslog Socket.
[[0;32m  OK  [0m] Listening on Syslog Socket.
[   36176917]systmd1]Litengn M2oldaemosoke
[[0;32m  OK  [0m] Listening on LVM2 poll daemon socket.
[  38313 syste[1]:Reached trg Encrypted Volumes.
[[0;32m  OK  [0m] Reached target Encrypted Volumes.
[  3.249] stmd]:reedslceysem-serialx2et.sic
[[0;32m  OK  [0m] Created slice system-serial\x2dgetty.slice.
[  38.096460] systemd[1]: Reached target lis.

[[0;32m  OK  [0m] Reached target Slices.
[  32659 ste[1: stni o/d/itctlomtiiltyam Ppe.
[[0;32m  OK  [0m] Listening on /dev/initctl Compatibility Named Pipe.
[   39.180862] systemd1]: Listening on LVM2 metadata daemon socket.
[[0;32m  OK  [0m] Listening on LVM2 metadata daemon socket.
[  32830syem1]Stte Fwa Paswo Rues  Wll Dirto Watch.
[[0;32m  OK  [0m] Started Forward Password Requests to Wall Directory Watch.
[  4.364 ste[1 Rch trgetysm meSynchriz.
[[0;32m  OK  [0m] Reached target System Time Synchronized.
[  4.176879] systemd[1]: Set up automount Arbitrary Executable File Formats File System Automot oit.
[[0;32m  OK  [0m] Set up automount Arbitrary Executab...ats File System Automount Point.
[  44873syted[: istening on Journal Socket.
[[0;32m  OK  [0m] Listening on Journal Socket.
[   41.864837] systemd[1]: Starting Create list of required static device nodes for the current kernel...
         Starting Create list of required st... nodes for the current kernel...
[   42.136870] systemd[1]: Starting Load Kernel Modules...
         Startin[   42.220677] Loading iSCSI transport class v2.0-870.
g Load Kernel Modules...
[   42.348617] systemd[1]: Starting Remount Root and Kernel File Systems...
         [   42.434373] iscsi: registered transport (tcp)
Starting Remount Root and Kernel File Systems...
[   42.512908] systemd[1]: Mounting POSIX Message Queue File System...
         [   42.683815] EXT4-fs (sda1): re-mounted. Opts: (null)
Mounting POSIX Message Queue File System...
[   42.861295] iscsi: registered transport (iser)
[   42.908314] systemd[1]: Starting Uncomplicated firewall...
         Starting Uncomplicated firewall...
[   43.000332] systemd[1]: Starting Nameserver information manager...
         Starting Nameserver information manager...
[   43.148887] systemd[1]: Starting Set console keymap...
         Starting Set console keymap...
[   43.292948] systemd[1]: Listening on udev Kernel Socket.
[[0;32m  OK  [0m] Listening on udev Kernel Socket.
[   43.493204] systemd[1]: Listening on Device-mapper event daemon FIFOs.
[[0;32m  OK  [0m] Listening on Device-mapper event daemon FIFOs.
[   43.585404] systemd[1]: Starting Monitoring of LVM2 mirrors, snapshots etc. using dmeventd or progress polling...
         Starting Monitoring of LVM2 mirrors... dmeventd or progress polling...
[   43.736262] systemd[1]: Mounting Debug File System...
         Mounting Debug File System...
[   43.804311] systemd[1]: Mounting Huge Pages File System...
         Mounting Huge Pages File System...
[  4.924759] stmd[]: Liseng n Jorn Ske(/evog
[[0;32m  OK  [0m] Listening on Journal Socket (/dev/log).
[   44.660622] systemd[1]: Starting Journal Service...
         Starting Journal Service...
[   44.729043] systemd[1]: Mounted Huge Pages File System.
[[0;32m  OK  [0m] Mounted Huge Pages File System.
[   44.800371] systemd[1]: Mounted Debug File System.
[[0;32m  OK  [0m] Mounted Debug File System.
[   44.992317] systemd[1]: Mounted POSIX Message Queue File System.
[[0;32m  OK  [0m] Mounted POSIX Message Queue File System.
[   45.157015] systemd[1]: Started Journal Service.
[[0;32m  OK  [0m] Started Journal Service.
[[0;32m  OK  [0m] Started Create list of required sta...ce nodes for the current kernel.
[[0;32m  OK  [0m] Started Load Kernel Modules.
[[0;32m  OK  [0m] Started Remount Root and Kernel File Systems.
[[0;32m  OK  [0m] Started Uncomplicated firewall.
[[0;32m  OK  [0m] Started Set console keymap.
[[0;32m  OK  [0m] Started Nameserver information manager.
[[0;32m  OK  [0m] Started LVM2 metadata daemon.
         Starting udev Coldplug all Devices...
         Starting Load/Save Random Seed...
         Starting Initial cloud-init job (pre-networking)...
         Mounting FUSE Control File System...
         Starting Apply Kernel Variables...
         Starting Create Static Device Nodes in /dev...
         Starting Flush Journal to Persistent Storage...
[[0;32m  OK  [0m] Mounted FUSE Control File System.
[[0;32m  OK  [0m] Started Load/Save Random Seed.
[[0;32m  OK  [0m] Started Apply Kernel Variables.
[[0;32m  OK  [0m] Started Monitoring of LVM2 mirrors,...ng dmeventd or progress polling.
[[0;32m  OK  [0m] Started Create Static Device Nodes in /dev.
[[0;32m  OK  [0m] Started udev Coldplug all Devices.
         Starting udev Kernel Device Manager...
[[0;32m  OK  [0m] Started Flush Journal to Persistent Storage.
[[0;32m  OK  [0m] Started udev Kernel Device Manager.
[[0;32m  OK  [0m] Started Dispatch Password Requests to Console Directory Watch.
[[0;32m  OK  [0m] Reached target Local File Systems (Pre).
[[0;32m  OK  [0m] Reached target Local File Systems.
         Starting LSB: AppArmor initialization...
         Starting Tell Plymouth To Write Out Runtime Data...
         Starting Create Volatile Files and Directories...
         Starting Set console font and keymap...
[[0;32m  OK  [0m] Started Tell Plymouth To Write Out Runtime Data.
[[0;32m  OK  [0m] Found device /dev/ttyS0.
[[0;32m  OK  [0m] Started Create Volatile Files and Directories.
         Starting Update UTMP about System Boot/Shutdown...
[[0;32m  OK  [0m] Found device 82540EM Gigabit Ethern...r (PRO/1000 MT Desktop Adapter).
[[0;32m  OK  [0m] Started Update UTMP about System Boot/Shutdown.
[[0;32m  OK  [0m] Started Set console font and keymap.
[[0;32m  OK  [0m] Created slice system-getty.slice.
[[0;32m  OK  [0m] Listening on Load/Save RF Kill Switch Status /dev/rfkill Watch.
[[0;32m  OK  [0m] Started LSB: AppArmor initialization.
[   50.908481] cloud-init[437]: Cloud-init v. 17.2 running 'init-local' at Sat, 17 Mar 2018 22:37:19 +0000. Up 50.41 seconds.
[[0;32m  OK  [0m] Started Initial cloud-init job (pre-networking).
[[0;32m  OK  [0m] Reached target Network (Pre).
         Starting Raise network interfaces...
[[0;32m  OK  [0m] Started ifup for enp0s3.
[[0;32m  OK  [0m] Started Raise network interfaces.
         Starting Initial cloud-init job (metadata service crawler)...
[[0;32m  OK  [0m] Reached target Network.
[   52.754683] cloud-init[967]: Cloud-init v. 17.2 running 'init' at Sat, 17 Mar 2018 22:37:20 +0000. Up 52.02 seconds.
[   52.889183] cloud-init[967]: ci-info: +++++++++++++++++++++++++++++++++++++Net device info++++++++++++++++++++++++++++++++++++++
[   52.889516] cloud-init[967]: ci-info: +--------+------+----------------------------+---------------+-------+-------------------+
[[0;32m  OK  [0m] Started Initial cloud-init job (metadata service crawler).
[   52.889691] cloud-init[967]: ci-info: | Device |  Up  |          Address           |      Mask     | Scope |     Hw-Address    |
[   53.304565] cloud-init[967]: ci-info: +--------+------+----------------------------+---------------+-------+-------------------+
[   53.304925] cloud-init[967]: ci-info: | enp0s3 | True |         10.0.2.15          | 255.255.255.0 |   .   | 02:1b:4a:91:2d:33 |
[[0;32m  OK  [0m] Reached target Network is Online.
[   53.305112] cloud-init[967]: ci-info: | enp0s3 | True | fe80::1b:4aff:fe91:2d33/64 |       .       |  link | 02:1b:4a:91:2d:33 |
[   53.749534] cloud-init[967]: ci-info: |   lo   | True |         127.0.0.1          |   255.0.0.0   |   .   |         .         |
[   53.749915] cloud-init[967]: ci-info: |   lo   | True |          ::1/128           |       .       |  host |         .         |
         Starting iSCSI initiator daemon (iscsid)...
[[   53.750093] cloud-init[967]: ci-info: +--------+------+----------------------------+---------------+-------+-------------------+
[   54.017434] cloud-init[967]: ci-info: +++++++++++++++++++++++++++Route IPv4 info++++++++++++++++++++++++++++
[0;32m  OK  [0m] Reached target Cloud-config availability.
[[   54.017555] cloud-init[967]: ci-info: +-------+-------------+----------+---------------+-----------+-------+
[   54.293275] cloud-init[967]: ci-info: | Route | Destination | Gateway  |    Genmask    | Interface | Flags |
[0;32m  OK  [0m] Reached target System Initialization.
[[   54.293365] cloud-init[967]: ci-info: +-------+-------------+----------+---------------+-----------+-------+
[   54.533462] cloud-init[967]: ci-info: |   0   |   0.0.0.0   | 10.0.2.2 |    0.0.0.0    |   enp0s3  |   UG  |
[0;32m  OK  [0m] Started Daily Cleanup of Temporary Directories.
[[   54.533541] cloud-init[967]: ci-info: |   1   |   10.0.2.0  | 0.0.0.0  | 255.255.255.0 |   enp0s3  |   U   |
[   54.769789] cloud-init[967]: ci-info: +-------+-------------+----------+---------------+-----------+-------+
[0;32m  OK  [0m] Listening on ACPID Listen Socket.
         Starting LXD - unix socket.
[[0;32m  OK  [0m] Started Timer to automatically refresh installed snaps.
[[0;32m  OK  [0m] Started Daily apt download activities.
[[0;32m  OK  [0m] Started Daily apt upgrade and clean activities.
[[0;32m  OK  [0m] Reached target Timers.
[[0;32m  OK  [0m] Listening on D-Bus System Message Bus Socket.
[[0;32m  OK  [0m] Started ACPI Events Check.
[[0;32m  OK  [0m] Reached target Paths.
         Starting Socket activation for snappy daemon.
[[0;32m  OK  [0m] Listening on UUID daemon activation socket.
[[0;32m  OK  [0m] Listening on LXD - unix socket.
[[0;32m  OK  [0m] Listening on Socket activation for snappy daemon.
[[0;32m  OK  [0m] Started iSCSI initiator daemon (iscsid).
         Starting Login to default iSCSI targets...
[[0;32m  OK  [0m] Reached target Sockets.
[[0;32m  OK  [0m] Reached target Basic System.
         Starting LSB: MD monitoring daemon...
[[0;32m  OK  [0m] Started Regular background program processing daemon.
         Starting /etc/rc.local Compatibility...
[[0;32m  OK  [0m] Started Deferred execution scheduler.
         Starting MySQL Community Server...
[[0;32m  OK  [0m] Started ACPI event daemon.
[[0;32m  OK  [0m] Started FUSE filesystem for LXC.
         Starting Accounts Service...
[[0;32m  OK  [0m] Started D-Bus System Message Bus.
         Starting Apply the settings specified in cloud-config...
[[0;32m  OK  [0m] Started Unattended Upgrades Shutdown.
         Starting Login Service...
         Starting System Logging Service...
         Starting LSB: Record successful boot for GRUB...
         Starting OpenBSD Secure Shell server...
         Starting Snappy daemon...
         Starting vboxadd.service...
         Starting LXD - container startup/shutdown...
[[0;32m  OK  [0m] Started /etc/rc.local Compatibility.
         Starting Authenticate and Authorize Users to Run Privileged Tasks...
[[0;32m  OK  [0m] Started Login Service.
[   59.574874] cloud-init[1060]: Cloud-init v. 17.2 running 'modules:config' at Sat, 17 Mar 2018 22:37:27 +0000. Up 58.62 seconds.
[[0;32m  OK  [0m] Started Apply the settings specified in cloud-config.
[[0;32m  OK  [0m] Started System Logging Service.
[[0;32m  OK  [0m] Started LSB: Record successful boot for GRUB.
[[0;32m  OK  [0m] Started LSB: MD monitoring daemon.
[[0;32m  OK  [0m] Started Login to default iSCSI targets.
[[0;32m  OK  [0m] Reached target Remote File Systems (Pre).
[[0;32m  OK  [0m] Reached target Remote File Systems.
         Starting Permit User Sessions...
         Starting LSB: automatic crash report generation...
         Starting LSB: Set the CPU Frequency Scaling governor to "ondemand"...
         Starting LSB: daemon to balance interrupts for SMP systems...
[[0;32m  OK  [0m] Started Permit User Sessions.
[[0;32m  OK  [0m] Started Authenticate and Authorize Users to Run Privileged Tasks.
[[0;32m  OK  [0m] Started Accounts Service.
[[0;32m  OK  [0m] Started LSB: Set the CPU Frequency Scaling governor to "ondemand".
         Starting Hold until boot process finishes up...
         Starting Terminate Plymouth Boot Screen...
[[0;32m  OK  [0m] Started Hold until boot process finishes up.
[[0;32m  OK  [0m] Started LSB: automatic crash report generation.
[[0;32m  OK  [0m] Started Terminate Plymouth Boot Screen.
[[0;32m  OK  [0m] Started LSB: daemon to balance interrupts for SMP systems.
         Starting Set console scheme...
[[0;32m  OK  [0m] Started Serial Getty on ttyS0.
[[0;32m  OK  [0m] Started Getty on tty1.
[[0;32m  OK  [0m] Reached target Login Prompts.
[[0;32m  OK  [0m] Started Set console scheme.
[[0;32m  OK  [0m] Started OpenBSD Secure Shell server.
[[0;32m  OK  [0m] Started vboxadd.service.
         Starting vboxadd-service.service...
[[0;32m  OK  [0m] Started vboxadd-service.service.
[[0;32m  OK  [0m] Started LXD - container startup/shutdown.
[[0;32m  OK  [0m] Started Snappy daemon.

Ubuntu 16.04.4 LTS ubuntu-xenial ttyS0

ubuntu-xenial login: [   70.926600] cloud-init[1368]: Cloud-init v. 17.2 running 'modules:final' at Sat, 17 Mar 2018 22:37:39 +0000. Up 70.55 seconds.
[   70.927060] cloud-init[1368]: Cloud-init v. 17.2 finished at Sat, 17 Mar 2018 22:37:39 +0000. Datasource DataSourceNoCloud [seed=/dev/sdb][dsmode=net].  Up 70.91 seconds
